0000-0cf7 : PCI Bus 0000:00
  0000-001f : dma1
  0020-0021 : pic1
  0040-0043 : timer0
  0050-0053 : timer1
  0060-0060 : keyboard
  0062-0062 : PNP0C09:00
    0062-0062 : EC data
  0064-0064 : keyboard
  0066-0066 : PNP0C09:00
    0066-0066 : EC cmd
  0070-0077 : rtc0
  0080-008f : dma page reg
  00a0-00a1 : pic2
  00c0-00df : dma2
  00f0-00ff : fpu
    00f0-00f0 : PNP0C04:00
  0400-047f : pnp 00:00
    0400-0403 : ACPI PM1a_EVT_BLK
    0404-0405 : ACPI PM1a_CNT_BLK
    0408-040b : ACPI PM_TMR
    0410-0415 : ACPI CPU throttle
    0420-042f : ACPI GPE0_BLK
    0430-0433 : iTCO_wdt.1.auto
      0430-0433 : iTCO_wdt
    0450-0450 : ACPI PM2_CNT_BLK
    0460-047f : iTCO_wdt.1.auto
      0460-047f : iTCO_wdt
  0500-050f : pnp 00:00
  0600-0603 : pnp 00:00
  0680-069f : pnp 00:00
  06a0-06af : pnp 00:01
  06b0-06ff : pnp 00:01
0cf8-0cff : PCI conf1
0d00-ffff : PCI Bus 0000:00
  1180-11ff : pnp 00:00
  164e-164f : pnp 00:00
  1800-181f : 0000:00:1f.2
    1800-181f : ahci
  1820-1823 : 0000:00:1f.2
    1820-1823 : ahci
  1824-1827 : 0000:00:1f.2
    1824-1827 : ahci
  1828-182f : 0000:00:1f.2
    1828-182f : ahci
  1830-1837 : 0000:00:1f.2
    1830-1837 : ahci
  1840-185f : 0000:00:1f.3
    1840-185f : i801_smbus
  2000-2fff : PCI Bus 0000:02
    2000-207f : 0000:02:00.0
  3000-3fff : PCI Bus 0000:03
  4000-4fff : PCI Bus 0000:05
  5000-5fff : PCI Bus 0000:07
    5000-50ff : 0000:07:00.0
      5000-50ff : sky2
  fe00-fe00 : pnp 00:00
  ffff-ffff : pnp 00:00
